<?xml version="1.0" encoding="UTF-8"?>
<testsuites>
  <testsuite name="CodeIgniter Application Test Suite" tests="6" assertions="9" errors="0" failures="0" skipped="0" time="0.782288">
    <testsuite name="Sample_test" file="/var/www/html/application/tests/Sample_test.php" tests="1" assertions="1" errors="0" failures="0" skipped="0" time="0.034467">
      <testcase name="test_foo" class="Sample_test" classname="Sample_test" file="/var/www/html/application/tests/Sample_test.php" line="5" assertions="1" time="0.034467"/>
    </testsuite>
    <testsuite name="Welcome_test" file="/var/www/html/application/tests/controllers/Welcome_test.php" tests="3" assertions="3" errors="0" failures="0" skipped="0" time="0.218690">
      <testcase name="test_index" class="Welcome_test" classname="Welcome_test" file="/var/www/html/application/tests/controllers/Welcome_test.php" line="13" assertions="1" time="0.104347"/>
      <testcase name="test_method_404" class="Welcome_test" classname="Welcome_test" file="/var/www/html/application/tests/controllers/Welcome_test.php" line="19" assertions="1" time="0.109502"/>
      <testcase name="test_APPPATH" class="Welcome_test" classname="Welcome_test" file="/var/www/html/application/tests/controllers/Welcome_test.php" line="25" assertions="1" time="0.004841"/>
    </testsuite>
    <testsuite name="LoadMyCustomInterfaces_test" file="/var/www/html/application/tests/libraries/LoadMyCustomInterfaces_test.php" tests="1" assertions="3" errors="0" failures="0" skipped="0" time="0.515700">
      <testcase name="test_all_custom_interfaces_are_loaded" class="LoadMyCustomInterfaces_test" classname="LoadMyCustomInterfaces_test" file="/var/www/html/application/tests/libraries/LoadMyCustomInterfaces_test.php" line="15" assertions="3" time="0.515700"/>
    </testsuite>
    <testsuite name="LoadMyCustomServices_test" file="/var/www/html/application/tests/libraries/LoadMyCustomServices_test.php" tests="1" assertions="2" errors="0" failures="0" skipped="0" time="0.013431">
      <testcase name="test_all_custom_services_are_loaded" class="LoadMyCustomServices_test" classname="LoadMyCustomServices_test" file="/var/www/html/application/tests/libraries/LoadMyCustomServices_test.php" line="15" assertions="2" time="0.013431"/>
    </testsuite>
  </testsuite>
</testsuites>
