<?xml version="1.0" encoding="UTF-8"?>
<testsuites>
  <testsuite name="CodeIgniter Application Test Suite" tests="4" assertions="4" errors="0" failures="0" skipped="0" time="0.005866">
    <testsuite name="Sample_test" file="/Users/marvin.soriano/gitrepos/dockerigniter/www/application/tests/Sample_test.php" tests="1" assertions="1" errors="0" failures="0" skipped="0" time="0.002547">
      <testcase name="test_foo" class="Sample_test" classname="Sample_test" file="/Users/marvin.soriano/gitrepos/dockerigniter/www/application/tests/Sample_test.php" line="5" assertions="1" time="0.002547"/>
    </testsuite>
    <testsuite name="Welcome_test" file="/Users/marvin.soriano/gitrepos/dockerigniter/www/application/tests/controllers/Welcome_test.php" tests="3" assertions="3" errors="0" failures="0" skipped="0" time="0.003319">
      <testcase name="test_index" class="Welcome_test" classname="Welcome_test" file="/Users/marvin.soriano/gitrepos/dockerigniter/www/application/tests/controllers/Welcome_test.php" line="13" assertions="1" time="0.001400"/>
      <testcase name="test_method_404" class="Welcome_test" classname="Welcome_test" file="/Users/marvin.soriano/gitrepos/dockerigniter/www/application/tests/controllers/Welcome_test.php" line="19" assertions="1" time="0.001290"/>
      <testcase name="test_APPPATH" class="Welcome_test" classname="Welcome_test" file="/Users/marvin.soriano/gitrepos/dockerigniter/www/application/tests/controllers/Welcome_test.php" line="25" assertions="1" time="0.000629"/>
    </testsuite>
  </testsuite>
</testsuites>
